[guides.erau.edu/aerospace-engineering/websites.html]
[backblue.gif]
[fade.gif]
[index.html]
[libapps.s3.amazonaws.com/apps/common/favicon/apple-touch-icon.png]
[libapps.s3.amazonaws.com/apps/common/favicon/favicon-32x32.png]
[libapps.s3.amazonaws.com/apps/common/favicon/favicon-16x16.png]
[guides.erau.edu/web/jquery/css/jquery-ui.mindbbf.css]
[guides.erau.edu/web/font-awesome/4.7.0/css/font-awesome.min.css]
[guides.erau.edu/web/slick-1.8.1/slick/slick.css]
[guides.erau.edu/web/slick-1.8.1/slick/slick-theme.css]
[guides.erau.edu/web/css2.18.6/lg-public.min.css]
[guides.erau.edu/web/jquery/js/1.12.4_jquery.min.js]
[code.jquery.com/ui/1.12.1/jquery-ui.min.js]
[guides.erau.edu/web/js2.18.6/lg-public.min.js]
[kit.fontawesome.com/f44f5a1e26.js]
[guides.erau.edu/web/jquery/js/jquery-ui.mindbbf.js]
[api3.libcal.com/js/myscheduler.min.js]
[guides.erau.edu/web/js/sa.min5819.js]
[libapps.s3.amazonaws.com/customers/110/images/banner-hunt-library-libguides.png]
[guides.erau.edu/aerospace-engineering/key-resources.html]
[guides.erau.edu/aerospace-engineering/books.html]
[guides.erau.edu/aerospace-engineering/databases.html]
[guides.erau.edu/aerospace-engineering/journals.html]
[guides.erau.edu/aerospace-engineering/help.html]
[libapps.s3.amazonaws.com/customers/110/images/refworks-170w.png]
[www.google-analytics.com/analytics.js]
[guides.erau.edu/aerospace-engineering/websites.html]
[guides.erau.edu/web/jquery/css/images/ui-bg_flat_75_ffffff_40x100.png]
[guides.erau.edu/web/jquery/css/images/ui-bg_highlight-soft_75_cccccc_1x100.png]
[guides.erau.edu/web/jquery/css/images/ui-bg_glass_75_e6e6e6_1x400.png]
[guides.erau.edu/web/jquery/css/images/ui-bg_glass_75_dadada_1x400.png]
[guides.erau.edu/web/jquery/css/images/ui-bg_glass_65_ffffff_1x400.png]
[guides.erau.edu/web/jquery/css/images/ui-bg_glass_55_fbf9ee_1x400.png]
[guides.erau.edu/web/jquery/css/images/ui-bg_glass_95_fef1ec_1x400.png]
[guides.erau.edu/web/jquery/css/images/ui-icons_222222_256x240.png]
[guides.erau.edu/web/jquery/css/images/ui-icons_888888_256x240.png]
[guides.erau.edu/web/jquery/css/images/ui-icons_454545_256x240.png]
[guides.erau.edu/web/jquery/css/images/ui-icons_2e83ff_256x240.png]
[guides.erau.edu/web/jquery/css/images/ui-icons_cd0a0a_256x240.png]
[guides.erau.edu/web/jquery/css/images/ui-bg_flat_0_aaaaaa_40x100.png]
[guides.erau.edu/web/jquery/css/jquery-ui.mindbbf.css]
[guides.erau.edu/web/font-awesome/4.7.0/css/font-awesome.min.css]
[guides.erau.edu/web/slick-1.8.1/slick/slick.css]
[guides.erau.edu/web/slick-1.8.1/slick/ajax-loader.gif]
[guides.erau.edu/web/slick-1.8.1/slick/fonts/slick.eot]
[guides.erau.edu/web/slick-1.8.1/slick/fonts/slickd41d.eot]
[guides.erau.edu/web/slick-1.8.1/slick/fonts/slick.woff]
[guides.erau.edu/web/slick-1.8.1/slick/fonts/slick.ttf]
[guides.erau.edu/web/slick-1.8.1/slick/slick-theme.css]
[guides.erau.edu/web/css2.18.6/lg-public.min.css]
[libapps.s3.amazonaws.com/sites/111/include/LibGuides_CSS_Stylesheet_v5.css]
[libapps.s3.amazonaws.com/sites/111/include/phd-css-v7.css]
[libapps.s3.amazonaws.com/sites/111/include/css-get-help-page.css]
[guides.erau.edu/aerospace-engineering/key-resources.html]
[guides.erau.edu/aerospace-engineering/books.html]
[guides.erau.edu/aerospace-engineering/databases.html]
[s3.amazonaws.com/libapps/customers/110/images/aerospacesciences.gif]
[s3.amazonaws.com/libapps/customers/110/images/guidance-control-dynamics-cover.jpg]
[libapps.s3.amazonaws.com/accounts/201534/images/AE.jpg]
[guides.erau.edu/aerospace-engineering/journals.html]
[guides.erau.edu/aerospace-engineering/help.html]
[guides.erau.edu/web/slick-1.8.1/slick/fonts/slick.svg]
